Handling lib "http-server"...
Handling lib "rpc-uart"...
Handling lib "zz_boardSuccess, built app1/esp32 version 1.0 (20190416-110313).
Firmware saved to C:\mos\app1\build\fw.zip
ing out 2.12.1...
rpc-uart: Checking out 2.12.1...
rpc-service-fs: Checking out 2.12.1...
mjs: Checking out 2.12.1...
zz_boards: Done, hash 95d89d87f21b416ff866008639c95229e9bd817c
rpc-service-fs: Done, hash d51b3684c361cd0e5ebdfe456b6dacaeae17155e
rpc-uart: Done, hash 4c68e5d7b3eecb19ccc6128f111a118384ed20b4
zz_boards: Hash unchanged at 95d89d87f21b416ff866008639c95229e9bd817c (dir "/data/fwbuild-volumes/2.12.1/apps/app1/esp32/build_contexts/build_ctx_121361911/deps/boards")
zz_boards: Prepared local dir: "/data/fwbuild-volumes/2.12.1/apps/app1/esp32/build_contexts/build_ctx_121361911/deps/boards"
rpc-service-fs: Hash unchanged at d51b3684c361cd0e5ebdfe456b6dacaeae17155e (dir "/data/fwbuild-volumes/2.12.1/apps/app1/esp32/build_contexts/build_ctx_121361911/deps/rpc-service-fs")
rpc-service-fs: Prepared local dir: "/data/fwbuild-volumes/2.12.1/apps/app1/esp32/build_contexts/build_ctx_121361911/deps/rpc-service-fs"
rpc-uart: Hash unchanged at 4c68e5d7b3eecb19ccc6128f111a118384ed20b4 (dir "/data/fwbuild-volumes/2.12.1/apps/app1/esp32/build_contexts/build_ctx_121361911/deps/rpc-uart")
rpc-uart: Prepared local dir: "/data/fwbuild-volumes/2.12.1/apps/app1/esp32/build_contexts/build_ctx_121361911/deps/rpc-uart"
core: Checking out 2.12.1...
core: Done, hash 59c02b9a5039803b261a1b0e58079678ff53a3b1
mjs: Done, hash 98fa2df2a43270c89f62681b6ea813df2c63ae37
core: Hash unchanged at 59c02b9a5039803b261a1b0e58079678ff53a3b1 (dir "/data/fwbuild-volumes/2.12.1/apps/app1/esp32/build_contexts/build_ctx_121361911/deps/core")
core: Prepared local dir: "/data/fwbuild-volumes/2.12.1/apps/app1/esp32/build_contexts/build_ctx_121361911/deps/core"
mjs: Hash unchanged at 98fa2df2a43270c89f62681b6ea813df2c63ae37 (dir "/data/fwbuild-volumes/2.12.1/apps/app1/esp32/build_contexts/build_ctx_121361911/deps/mjs")
mjs: Prepared local dir: "/data/fwbuild-volumes/2.12.1/apps/app1/esp32/build_contexts/build_ctx_121361911/deps/mjs"
http-server: Checking out 2.12.1...
http-server: Done, hash 3854855a6342a1faed05a9c3511b93d3dc8d5389
http-server: Hash unchanged at 3854855a6342a1faed05a9c3511b93d3dc8d5389 (dir "/data/fwbuild-volumes/2.12.1/apps/app1/esp32/build_contexts/build_ctx_121361911/deps/http-server")
http-server: Prepared local dir: "/data/fwbuild-volumes/2.12.1/apps/app1/esp32/build_contexts/build_ctx_121361911/deps/http-server"
Handling lib "rpc-common"...
rpc-common: Checking out 2.12.1...
rpc-common: Done, hash 806252fd5eeefb8e17532d6f6f7d90af3cf7d6cb
rpc-common: Hash unchanged at 806252fd5eeefb8e17532d6f6f7d90af3cf7d6cb (dir "/data/fwbuild-volumes/2.12.1/apps/app1/esp32/build_contexts/build_ctx_121361911/deps/rpc-common")
rpc-common: Prepared local dir: "/data/fwbuild-volumes/2.12.1/apps/app1/esp32/build_contexts/build_ctx_121361911/deps/rpc-common"
Handling lib "vfs-fs-lfs"...
Handling lib "mongoose"...
Handling lib "vfs-fs-spiffs"...
vfs-fs-spiffs: Checking out 2.12.1...
vfs-fs-lfs: Checking out 2.12.1...
vfs-fs-lfs: Done, hash d4659010ad2e635e85b128dfe59d3d341e3b6aa2
vfs-fs-spiffs: Done, hash 17bc38527936dd8b5e7c38e8fa96a91c1a9d82fc
vfs-fs-lfs: Hash unchanged at d4659010ad2e635e85b128dfe59d3d341e3b6aa2 (dir "/data/fwbuild-volumes/2.12.1/apps/app1/esp32/build_contexts/build_ctx_121361911/deps/vfs-fs-lfs")
vfs-fs-lfs: Prepared local dir: "/data/fwbuild-volumes/2.12.1/apps/app1/esp32/build_contexts/build_ctx_121361911/deps/vfs-fs-lfs"
vfs-fs-spiffs: Hash unchanged at 17bc38527936dd8b5e7c38e8fa96a91c1a9d82fc (dir "/data/fwbuild-volumes/2.12.1/apps/app1/esp32/build_contexts/build_ctx_121361911/deps/vfs-fs-spiffs")
vfs-fs-spiffs: Prepared local dir: "/data/fwbuild-volumes/2.12.1/apps/app1/esp32/build_contexts/build_ctx_121361911/deps/vfs-fs-spiffs"
mongoose: Checking out 2.12.1...
mongoose: Done, hash 6ec35c37090e0665eb62deca6dddff5f14a2d803
mongoose: Hash unchanged at 6ec35c37090e0665eb62deca6dddff5f14a2d803 (dir "/data/fwbuild-volumes/2.12.1/apps/app1/esp32/build_contexts/build_ctx_121361911/deps/mongoose")
mongoose: Prepared local dir: "/data/fwbuild-volumes/2.12.1/apps/app1/esp32/build_contexts/build_ctx_121361911/deps/mongoose"
Handling lib "vfs-common"...
vfs-common: Checking out 2.12.1...
vfs-common: Done, hash e668cbd6f9cfd468966f9d7e7229264d6c8937ba
vfs-common: Hash unchanged at e668cbd6f9cfd468966f9d7e7229264d6c8937ba (dir "/data/fwbuild-volumes/2.12.1/apps/app1/esp32/build_contexts/build_ctx_121361911/deps/vfs-common")
vfs-common: Prepared local dir: "/data/fwbuild-volumes/2.12.1/apps/app1/esp32/build_contexts/build_ctx_121361911/deps/vfs-common"
Handling lib "mbedtls"...
mbedtls: Checking out 2.12.1...
mbedtls: Done, hash 8109bfdfc65e9d39548b43406df713ef79a05b21
mbedtls: Hash unchanged at 8109bfdfc65e9d39548b43406df713ef79a05b21 (dir "/data/fwbuild-volumes/2.12.1/apps/app1/esp32/build_contexts/build_ctx_121361911/deps/mbedtls")
mbedtls: Prepared local dir: "/data/fwbuild-volumes/2.12.1/apps/app1/esp32/build_contexts/build_ctx_121361911/deps/mbedtls"
Handling lib "atca"...
atca: Checking out 2.12.1...
atca: Done, hash e7734361b3e781eec886406036005e20495f3e76
atca: Hash unchanged at e7734361b3e781eec886406036005e20495f3e76 (dir "/data/fwbuild-volumes/2.12.1/apps/app1/esp32/build_contexts/build_ctx_121361911/deps/atca")
atca: Prepared local dir: "/data/fwbuild-volumes/2.12.1/apps/app1/esp32/build_contexts/build_ctx_121361911/deps/atca"
Handling lib "i2c"...
i2c: Checking out 2.12.1...
i2c: Done, hash 98fdd22a47c43469be9c642f3e27bba5e016cf8e
i2c: Hash unchanged at 98fdd22a47c43469be9c642f3e27bba5e016cf8e (dir "/data/fwbuild-volumes/2.12.1/apps/app1/esp32/build_contexts/build_ctx_121361911/deps/i2c")
i2c: Prepared local dir: "/data/fwbuild-volumes/2.12.1/apps/app1/esp32/build_contexts/build_ctx_121361911/deps/i2c"
Handling lib "wifi"...
wifi: Checking out 2.12.1...
wifi: Done, hash a9a7d2bc4cb01e16f93e9eecb7e4aa56309488df
wifi: Hash unchanged at a9a7d2bc4cb01e16f93e9eecb7e4aa56309488df (dir "/data/fwbuild-volumes/2.12.1/apps/app1/esp32/build_contexts/build_ctx_121361911/deps/wifi")
wifi: Prepared local dir: "/data/fwbuild-volumes/2.12.1/apps/app1/esp32/build_contexts/build_ctx_121361911/deps/wifi"
The flag --module is not given for the module "mjs_module", going to use the repository
mjs_module: Checking out 2.12.1...
mjs_module: Done, hash 81c647aecbe8e4afceb2ccc4eaed555a0d42edbc
The flag --repo is not given, going to use mongoose-os repository
mongoose-os: Checking out 2.12.1...
mongoose-os: Done, hash dd403d6effe7c536f561f6e7222f4ef3e76fa4b2
Prebuilt binary for "mbedtls" already exists at "/data/fwbuild-volumes/2.12.1/apps/app1/esp32/build_contexts/build_ctx_121361911/build/objs/libmbedtls-esp32-2.12.1.a"
Prebuilt binary for "mongoose" already exists at "/data/fwbuild-volumes/2.12.1/apps/app1/esp32/build_contexts/build_ctx_121361911/build/objs/libmongoose-esp32-2.12.1.a"
Sources: [/data/fwbuild-volumes/2.12.1/apps/app1/esp32/build_contexts/build_ctx_121361911/src/main.c /data/fwbuild-volumes/2.12.1/apps/app1/esp32/build_contexts/build_ctx_121361911/src/mgos_sd.c /data/fwbuild-volumes/2.12.1/apps/app1/esp32/build_contexts/build_ctx_121361911/build/gen/mgos_deps_init.c /data/fwbuild-volumes/2.12.1/apps/app1/esp32/build_contexts/build_ctx_121361911/deps/i2c/src/mgos_i2c_master.c /data/fwbuild-volumes/2.12.1/apps/app1/esp32/build_contexts/build_ctx_121361911/deps/i2c/src/esp32/esp32_i2c_master.c /data/fwbuild-volumes/2.12.1/apps/app1/esp32/build_contexts/build_ctx_121361911/deps/atca/src/mgos_atca.c /data/fwbuild-volumes/2.12.1/apps/app1/esp32/build_contexts/build_ctx_121361911/deps/atca/cryptoauthlib/lib/atca_cfgs.c /data/fwbuild-volumes/2.12.1/apps/app1/esp32/build_contexts/build_ctx_121361911/deps/atca/cryptoauthlib/lib/atca_command.c /data/fwbuild-volumes/2.12.1/apps/app1/esp32/build_contexts/build_ctx_121361911/deps/atca/cryptoauthlib/lib/atca_device.c /data/fwbuild-volumes/2.12.1/apps/app1/esp32/build_contexts/build_ctx_121361911/deps/atca/cryptoauthlib/lib/atca_iface.c /data/fwbuild-volumes/2.12.1/apps/app1/esp32/build_contexts/build_ctx_121361911/deps/atca/cryptoauthlib/lib/basic/atca_basic.c /data/fwbuild-volumes/2.12.1/apps/app1/esp32/build_contexts/build_ctx_121361911/deps/atca/cryptoauthlib/lib/basic/atca_helpers.c /data/fwbuild-volumes/2.12.1/apps/app1/esp32/build_contexts/build_ctx_121361911/deps/atca/cryptoauthlib/lib/host/atca_host.c /data/fwbuild-volumes/2.12.1/apps/app1/esp32/build_contexts/build_ctx_121361911/deps/vfs-common/src/mgos_vfs.c /data/fwbuild-volumes/2.12.1/apps/app1/esp32/build_contexts/build_ctx_121361911/deps/vfs-common/src/mgos_vfs_dev.c /data/fwbuild-volumes/2.12.1/apps/app1/esp32/build_contexts/build_ctx_121361911/deps/vfs-common/src/mgos_vfs_internal.c /data/fwbuild-volumes/2.12.1/apps/app1/esp32/build_contexts/build_ctx_121361911/deps/vfs-common/src/esp32/esp32_fs.c /data/fwbuild-volumes/2.12.1/apps/app1/esp32/build_contexts/build_ctx_121361911/deps/vfs-common/src/esp32/esp32_fs_crypt.c /data/fwbuild-volumes/2.12.1/apps/app1/esp32/build_contexts/build_ctx_121361911/deps/vfs-common/src/esp32/esp32_vfs_dev_partition.c /data/fwbuild-volumes/2.12.1/apps/app1/esp32/build_contexts/build_ctx_121361911/deps/vfs-fs-lfs/src/mgos_vfs_lfs.c /data/fwbuild-volumes/2.12.1/apps/app1/esp32/build_contexts/build_ctx_121361911/deps/vfs-fs-lfs/src/littlefs/lfs.c /data/fwbuild-volumes/2.12.1/apps/app1/esp32/build_contexts/build_ctx_121361911/deps/vfs-fs-lfs/src/littlefs/lfs_util.c /data/fwbuild-volumes/2.12.1/apps/app1/esp32/build_contexts/build_ctx_121361911/deps/vfs-fs-spiffs/src/mgos_vfs_fs_spiffs.c /data/fwbuild-volumes/2.12.1/apps/app1/esp32/build_contexts/build_ctx_121361911/deps/vfs-fs-spiffs/src/spiffs/spiffs_cache.c /data/fwbuild-volumes/2.12.1/apps/app1/esp32/build_contexts/build_ctx_121361911/deps/vfs-fs-spiffs/src/spiffs/spiffs_check.c /data/fwbuild-volumes/2.12.1/apps/app1/esp32/build_contexts/build_ctx_121361911/deps/vfs-fs-spiffs/src/spiffs/spiffs_gc.c /data/fwbuild-volumes/2.12.1/apps/app1/esp32/build_contexts/build_ctx_121361911/deps/vfs-fs-spiffs/src/spiffs/spiffs_hydrogen.c /data/fwbuild-volumes/2.12.1/apps/app1/esp32/build_contexts/build_ctx_121361911/deps/vfs-fs-spiffs/src/spiffs/spiffs_nucleus.c /data/fwbuild-volumes/2.12.1/apps/app1/esp32/build_contexts/build_ctx_121361911/deps/core/src/mgos_core.c /data/fwbuild-volumes/2.12.1/apps/app1/esp32/build_contexts/build_ctx_121361911/deps/http-server/src/mgos_http_server.c /data/fwbuild-volumes/2.12.1/apps/app1/esp32/build_contexts/build_ctx_121361911/deps/mjs/src/mos_mjs.c /data/fwbuild-volumes/2.12.1/apps/app1/esp32/build_contexts/build_ctx_121361911/deps/modules/mjs/mjs.c /data/fwbuild-volumes/2.12.1/apps/app1/esp32/build_contexts/build_ctx_121361911/deps/mjs/esp32/src/esp32_mjs.c /data/fwbuild-volumes/2.12.1/apps/app1/esp32/build_contexts/build_ctx_121361911/deps/rpc-common/src/mg_rpc.c /data/fwbuild-volumes/2.12.1/apps/app1/esp32/build_contexts/build_ctx_121361911/deps/rpc-common/src/mg_rpc_channel.c /data/fwbuild-volumes/2.12.1/apps/app1/esp32/build_contexts/build_ctx_121361911/deps/rpc-common/src/mg_rpc_channel_http.c /data/fwbuild-volumes/2.12.1/apps/app1/esp32/build_contexts/build_ctx_121361911/deps/rpc-common/src/mgos_rpc.c /data/fwbuild-volumes/2.12.1/apps/app1/esp32/build_contexts/build_ctx_121361911/deps/rpc-service-fs/src/mgos_service_filesystem.c /data/fwbuild-volumes/2.12.1/apps/app1/esp32/build_contexts/build_ctx_121361911/deps/rpc-uart/src/mgos_rpc_channel_uart.c /data/fwbuild-volumes/2.12.1/apps/app1/esp32/build_contexts/build_ctx_121361911/deps/wifi/src/mgos_wifi.c /data/fwbuild-volumes/2.12.1/apps/app1/esp32/build_contexts/build_ctx_121361911/deps/wifi/src/mjs_wifi.c /data/fwbuild-volumes/2.12.1/apps/app1/esp32/build_contexts/build_ctx_121361911/deps/wifi/esp32/src/esp32_wifi.c]
Include dirs: [/data/fwbuild-volumes/2.12.1/apps/app1/esp32/build_contexts/build_ctx_121361911/deps/i2c/include /data/fwbuild-volumes/2.12.1/apps/app1/esp32/build_contexts/build_ctx_121361911/deps/atca/include /data/fwbuild-volumes/2.12.1/apps/app1/esp32/build_contexts/build_ctx_121361911/deps/atca/cryptoauthlib/lib /data/fwbuild-volumes/2.12.1/apps/app1/esp32/build_contexts/build_ctx_121361911/deps/mbedtls/include /data/fwbuild-volumes/2.12.1/apps/app1/esp32/build_contexts/build_ctx_121361911/deps/mbedtls/include/esp32 /data/fwbuild-volumes/2.12.1/apps/app1/esp32/build_contexts/build_ctx_121361911/deps/mbedtls/mbedtls/include /data/fwbuild-volumes/2.12.1/apps/app1/esp32/build_contexts/build_ctx_121361911/deps/vfs-common/include /data/fwbuild-volumes/2.12.1/apps/app1/esp32/build_contexts/build_ctx_121361911/deps/vfs-common/include/esp32 /data/fwbuild-volumes/2.12.1/apps/app1/esp32/build_contexts/build_ctx_121361911/deps/mongoose/include /data/fwbuild-volumes/2.12.1/apps/app1/esp32/build_contexts/build_ctx_121361911/deps/vfs-fs-lfs/include /data/fwbuild-volumes/2.12.1/apps/app1/esp32/build_contexts/build_ctx_121361911/deps/vfs-fs-spiffs/include /data/fwbuild-volumes/2.12.1/apps/app1/esp32/build_contexts/build_ctx_121361911/deps/vfs-fs-spiffs/include/spiffs /data/fwbuild-volumes/2.12.1/apps/app1/esp32/build_contexts/build_ctx_121361911/deps/vfs-fs-spiffs/include/esp32 /data/fwbuild-volumes/2.12.1/apps/app1/esp32/build_contexts/build_ctx_121361911/deps/core/include /data/fwbuild-volumes/2.12.1/apps/app1/esp32/build_contexts/build_ctx_121361911/deps/core/include/esp32 /data/fwbuild-volumes/2.12.1/apps/app1/esp32/build_contexts/build_ctx_121361911/deps/http-server/include /data/fwbuild-volumes/2.12.1/apps/app1/esp32/build_contexts/build_ctx_121361911/deps/mjs/include /data/fwbuild-volumes/2.12.1/apps/app1/esp32/build_contexts/build_ctx_121361911/deps/rpc-common/include /data/fwbuild-volumes/2.12.1/apps/app1/esp32/build_contexts/build_ctx_121361911/deps/rpc-service-fs/include /data/fwbuild-volumes/2.12.1/apps/app1/esp32/build_contexts/build_ctx_121361911/deps/rpc-uart/include /data/fwbuild-volumes/2.12.1/apps/app1/esp32/build_contexts/build_ctx_121361911/deps/wifi/include /data/fwbuild-volumes/2.12.1/apps/app1/esp32/build_contexts/build_ctx_121361911/deps/wifi/esp32/include /data/fwbuild-volumes/2.12.1/apps/app1/esp32/build_contexts/build_ctx_121361911/include]
Binary libs: [/data/fwbuild-volumes/2.12.1/apps/app1/esp32/build_contexts/build_ctx_121361911/build/objs/libmbedtls-esp32-2.12.1.a /data/fwbuild-volumes/2.12.1/apps/app1/esp32/build_contexts/build_ctx_121361911/build/objs/libmongoose-esp32-2.12.1.a]
Building...
mount from "/data/fwbuild-volumes/2.12.1/apps/app1/esp32/build_contexts/build_ctx_121361911" to "/app"
mount from "/data/fwbuild-volumes/2.12.1/apps/app1/esp32/build_contexts/build_ctx_121361911/deps/modules/mongoose-os" to "/mongoose-os"
mount from "/data/fwbuild-volumes/2.12.1/apps/app1/esp32/build_contexts/build_ctx_121361911/deps/modules/mongoose-os" to "/data/fwbuild-volumes/2.12.1/apps/app1/esp32/build_contexts/build_ctx_121361911/deps/modules/mongoose-os"
mount from "/data/fwbuild-volumes/2.12.1/apps/app1/esp32/build_contexts/build_ctx_121361911/build" to "/data/fwbuild-volumes/2.12.1/apps/app1/esp32/build_contexts/build_ctx_121361911/build"
mount from "/data/fwbuild-volumes/2.12.1/apps/app1/esp32/build_contexts/build_ctx_121361911/src" to "/data/fwbuild-volumes/2.12.1/apps/app1/esp32/build_contexts/build_ctx_121361911/src"
mount from "/data/fwbuild-volumes/2.12.1/apps/app1/esp32/build_contexts/build_ctx_121361911/build/gen" to "/data/fwbuild-volumes/2.12.1/apps/app1/esp32/build_contexts/build_ctx_121361911/build/gen"
mount from "/data/fwbuild-volumes/2.12.1/apps/app1/esp32/build_contexts/build_ctx_121361911/deps/i2c/src" to "/data/fwbuild-volumes/2.12.1/apps/app1/esp32/build_contexts/build_ctx_121361911/deps/i2c/src"
mount from "/data/fwbuild-volumes/2.12.1/apps/app1/esp32/build_contexts/build_ctx_121361911/deps/i2c/src/esp32" to "/data/fwbuild-volumes/2.12.1/apps/app1/esp32/build_contexts/build_ctx_121361911/deps/i2c/src/esp32"
mount from "/data/fwbuild-volumes/2.12.1/apps/app1/esp32/build_contexts/build_ctx_121361911/deps/atca/src" to "/data/fwbuild-volumes/2.12.1/apps/app1/esp32/build_contexts/build_ctx_121361911/deps/atca/src"
mount from "/data/fwbuild-volumes/2.12.1/apps/app1/esp32/build_contexts/build_ctx_121361911/deps/atca/cryptoauthlib/lib" to "/data/fwbuild-volumes/2.12.1/apps/app1/esp32/build_contexts/build_ctx_121361911/deps/atca/cryptoauthlib/lib"
mount from "/data/fwbuild-volumes/2.12.1/apps/app1/esp32/build_contexts/build_ctx_121361911/deps/atca/cryptoauthlib/lib/basic" to "/data/fwbuild-volumes/2.12.1/apps/app1/esp32/build_contexts/build_ctx_121361911/deps/atca/cryptoauthlib/lib/basic"
mount from "/data/fwbuild-volumes/2.12.1/apps/app1/esp32/build_contexts/build_ctx_121361911/deps/atca/cryptoauthlib/lib/crypto" to "/data/fwbuild-volumes/2.12.1/apps/app1/esp32/build_contexts/build_ctx_121361911/deps/atca/cryptoauthlib/lib/crypto"
mount from "/data/fwbuild-volumes/2.12.1/apps/app1/esp32/build_contexts/build_ctx_121361911/deps/atca/cryptoauthlib/lib/hal" to "/data/fwbuild-volumes/2.12.1/apps/app1/esp32/build_contexts/build_ctx_121361911/deps/atca/cryptoauthlib/lib/hal"
mount from "/data/fwbuild-volumes/2.12.1/apps/app1/esp32/build_contexts/build_ctx_121361911/deps/atca/cryptoauthlib/lib/host" to "/data/fwbuild-volumes/2.12.1/apps/app1/esp32/build_contexts/build_ctx_121361911/deps/atca/cryptoauthlib/lib/host"
mount from "/data/fwbuild-volumes/2.12.1/apps/app1/esp32/build_contexts/build_ctx_121361911/deps/vfs-common/src" to "/data/fwbuild-volumes/2.12.1/apps/app1/esp32/build_contexts/build_ctx_121361911/deps/vfs-common/src"
mount from "/data/fwbuild-volumes/2.12.1/apps/app1/esp32/build_contexts/build_ctx_121361911/deps/vfs-common/src/esp32" to "/data/fwbuild-volumes/2.12.1/apps/app1/esp32/build_contexts/build_ctx_121361911/deps/vfs-common/src/esp32"
mount from "/data/fwbuild-volumes/2.12.1/apps/app1/esp32/build_contexts/build_ctx_121361911/deps/vfs-fs-lfs/src" to "/data/fwbuild-volumes/2.12.1/apps/app1/esp32/build_contexts/build_ctx_121361911/deps/vfs-fs-lfs/src"
mount from "/data/fwbuild-volumes/2.12.1/apps/app1/esp32/build_contexts/build_ctx_121361911/deps/vfs-fs-lfs/src/littlefs" to "/data/fwbuild-volumes/2.12.1/apps/app1/esp32/build_contexts/build_ctx_121361911/deps/vfs-fs-lfs/src/littlefs"
mount from "/data/fwbuild-volumes/2.12.1/apps/app1/esp32/build_contexts/build_ctx_121361911/deps/vfs-fs-spiffs/src" to "/data/fwbuild-volumes/2.12.1/apps/app1/esp32/build_contexts/build_ctx_121361911/deps/vfs-fs-spiffs/src"
mount from "/data/fwbuild-volumes/2.12.1/apps/app1/esp32/build_contexts/build_ctx_121361911/deps/vfs-fs-spiffs/src/spiffs" to "/data/fwbuild-volumes/2.12.1/apps/app1/esp32/build_contexts/build_ctx_121361911/deps/vfs-fs-spiffs/src/spiffs"
mount from "/data/fwbuild-volumes/2.12.1/apps/app1/esp32/build_contexts/build_ctx_121361911/deps/core/src" to "/data/fwbuild-volumes/2.12.1/apps/app1/esp32/build_contexts/build_ctx_121361911/deps/core/src"
mount from "/data/fwbuild-volumes/2.12.1/apps/app1/esp32/build_contexts/build_ctx_121361911/deps/http-server/src" to "/data/fwbuild-volumes/2.12.1/apps/app1/esp32/build_contexts/build_ctx_121361911/deps/http-server/src"
mount from "/data/fwbuild-volumes/2.12.1/apps/app1/esp32/build_contexts/build_ctx_121361911/deps/mjs/src" to "/data/fwbuild-volumes/2.12.1/apps/app1/esp32/build_contexts/build_ctx_121361911/deps/mjs/src"
mount from "/data/fwbuild-volumes/2.12.1/apps/app1/esp32/build_contexts/build_ctx_121361911/deps/modules/mjs" to "/data/fwbuild-volumes/2.12.1/apps/app1/esp32/build_contexts/build_ctx_121361911/deps/modules/mjs"
mount from "/data/fwbuild-volumes/2.12.1/apps/app1/esp32/build_contexts/build_ctx_121361911/deps/mjs/esp32/src" to "/data/fwbuild-volumes/2.12.1/apps/app1/esp32/build_contexts/build_ctx_121361911/deps/mjs/esp32/src"
mount from "/data/fwbuild-volumes/2.12.1/apps/app1/esp32/build_contexts/build_ctx_121361911/deps/rpc-common/src" to "/data/fwbuild-volumes/2.12.1/apps/app1/esp32/build_contexts/build_ctx_121361911/deps/rpc-common/src"
mount from "/data/fwbuild-volumes/2.12.1/apps/app1/esp32/build_contexts/build_ctx_121361911/deps/rpc-service-fs/src" to "/data/fwbuild-volumes/2.12.1/apps/app1/esp32/build_contexts/build_ctx_121361911/deps/rpc-service-fs/src"
mount from "/data/fwbuild-volumes/2.12.1/apps/app1/esp32/build_contexts/build_ctx_121361911/deps/rpc-uart/src" to "/data/fwbuild-volumes/2.12.1/apps/app1/esp32/build_contexts/build_ctx_121361911/deps/rpc-uart/src"
mount from "/data/fwbuild-volumes/2.12.1/apps/app1/esp32/build_contexts/build_ctx_121361911/deps/wifi/src" to "/data/fwbuild-volumes/2.12.1/apps/app1/esp32/build_contexts/build_ctx_121361911/deps/wifi/src"
mount from "/data/fwbuild-volumes/2.12.1/apps/app1/esp32/build_contexts/build_ctx_121361911/deps/wifi/esp32/src" to "/data/fwbuild-volumes/2.12.1/apps/app1/esp32/build_contexts/build_ctx_121361911/deps/wifi/esp32/src"
mount from "/data/fwbuild-volumes/2.12.1/apps/app1/esp32/build_contexts/build_ctx_121361911/deps/i2c/include" to "/data/fwbuild-volumes/2.12.1/apps/app1/esp32/build_contexts/build_ctx_121361911/deps/i2c/include"
mount from "/data/fwbuild-volumes/2.12.1/apps/app1/esp32/build_contexts/build_ctx_121361911/deps/atca/include" to "/data/fwbuild-volumes/2.12.1/apps/app1/esp32/build_contexts/build_ctx_121361911/deps/atca/include"
mount from "/data/fwbuild-volumes/2.12.1/apps/app1/esp32/build_contexts/build_ctx_121361911/deps/atca/cryptoauthlib/lib" to "/data/fwbuild-volumes/2.12.1/apps/app1/esp32/build_contexts/build_ctx_121361911/deps/atca/cryptoauthlib/lib"
mount from "/data/fwbuild-volumes/2.12.1/apps/app1/esp32/build_contexts/build_ctx_121361911/deps/mbedtls/include" to "/data/fwbuild-volumes/2.12.1/apps/app1/esp32/build_contexts/build_ctx_121361911/deps/mbedtls/include"
mount from "/data/fwbuild-volumes/2.12.1/apps/app1/esp32/build_contexts/build_ctx_121361911/deps/mbedtls/include/esp32" to "/data/fwbuild-volumes/2.12.1/apps/app1/esp32/build_contexts/build_ctx_121361911/deps/mbedtls/include/esp32"
mount from "/data/fwbuild-volumes/2.12.1/apps/app1/esp32/build_contexts/build_ctx_121361911/deps/mbedtls/mbedtls/include" to "/data/fwbuild-volumes/2.12.1/apps/app1/esp32/build_contexts/build_ctx_121361911/deps/mbedtls/mbedtls/include"
mount from "/data/fwbuild-volumes/2.12.1/apps/app1/esp32/build_contexts/build_ctx_121361911/deps/vfs-common/include" to "/data/fwbuild-volumes/2.12.1/apps/app1/esp32/build_contexts/build_ctx_121361911/deps/vfs-common/include"
mount from "/data/fwbuild-volumes/2.12.1/apps/app1/esp32/build_contexts/build_ctx_121361911/deps/vfs-common/include/esp32" to "/data/fwbuild-volumes/2.12.1/apps/app1/esp32/build_contexts/build_ctx_121361911/deps/vfs-common/include/esp32"
mount from "/data/fwbuild-volumes/2.12.1/apps/app1/esp32/build_contexts/build_ctx_121361911/deps/mongoose/include" to "/data/fwbuild-volumes/2.12.1/apps/app1/esp32/build_contexts/build_ctx_121361911/deps/mongoose/include"
mount from "/data/fwbuild-volumes/2.12.1/apps/app1/esp32/build_contexts/build_ctx_121361911/deps/vfs-fs-lfs/include" to "/data/fwbuild-volumes/2.12.1/apps/app1/esp32/build_contexts/build_ctx_121361911/deps/vfs-fs-lfs/include"
mount from "/data/fwbuild-volumes/2.12.1/apps/app1/esp32/build_contexts/build_ctx_121361911/deps/vfs-fs-spiffs/include" to "/data/fwbuild-volumes/2.12.1/apps/app1/esp32/build_contexts/build_ctx_121361911/deps/vfs-fs-spiffs/include"
mount from "/data/fwbuild-volumes/2.12.1/apps/app1/esp32/build_contexts/build_ctx_121361911/deps/vfs-fs-spiffs/include/spiffs" to "/data/fwbuild-volumes/2.12.1/apps/app1/esp32/build_contexts/build_ctx_121361911/deps/vfs-fs-spiffs/include/spiffs"
mount from "/data/fwbuild-volumes/2.12.1/apps/app1/esp32/build_contexts/build_ctx_121361911/deps/vfs-fs-spiffs/include/esp32" to "/data/fwbuild-volumes/2.12.1/apps/app1/esp32/build_contexts/build_ctx_121361911/deps/vfs-fs-spiffs/include/esp32"
mount from "/data/fwbuild-volumes/2.12.1/apps/app1/esp32/build_contexts/build_ctx_121361911/deps/core/include" to "/data/fwbuild-volumes/2.12.1/apps/app1/esp32/build_contexts/build_ctx_121361911/deps/core/include"
mount from "/data/fwbuild-volumes/2.12.1/apps/app1/esp32/build_contexts/build_ctx_121361911/deps/http-server/include" to "/data/fwbuild-volumes/2.12.1/apps/app1/esp32/build_contexts/build_ctx_121361911/deps/http-server/include"
mount from "/data/fwbuild-volumes/2.12.1/apps/app1/esp32/build_contexts/build_ctx_121361911/deps/mjs/include" to "/data/fwbuild-volumes/2.12.1/apps/app1/esp32/build_contexts/build_ctx_121361911/deps/mjs/include"
mount from "/data/fwbuild-volumes/2.12.1/apps/app1/esp32/build_contexts/build_ctx_121361911/deps/rpc-common/include" to "/data/fwbuild-volumes/2.12.1/apps/app1/esp32/build_contexts/build_ctx_121361911/deps/rpc-common/include"
mount from "/data/fwbuild-volumes/2.12.1/apps/app1/esp32/build_contexts/build_ctx_121361911/deps/rpc-service-fs/include" to "/data/fwbuild-volumes/2.12.1/apps/app1/esp32/build_contexts/build_ctx_121361911/deps/rpc-service-fs/include"
mount from "/data/fwbuild-volumes/2.12.1/apps/app1/esp32/build_contexts/build_ctx_121361911/deps/rpc-uart/include" to "/data/fwbuild-volumes/2.12.1/apps/app1/esp32/build_contexts/build_ctx_121361911/deps/rpc-uart/include"
mount from "/data/fwbuild-volumes/2.12.1/apps/app1/esp32/build_contexts/build_ctx_121361911/deps/wifi/include" to "/data/fwbuild-volumes/2.12.1/apps/app1/esp32/build_contexts/build_ctx_121361911/deps/wifi/include"
mount from "/data/fwbuild-volumes/2.12.1/apps/app1/esp32/build_contexts/build_ctx_121361911/deps/wifi/esp32/include" to "/data/fwbuild-volumes/2.12.1/apps/app1/esp32/build_contexts/build_ctx_121361911/deps/wifi/esp32/include"
mount from "/data/fwbuild-volumes/2.12.1/apps/app1/esp32/build_contexts/build_ctx_121361911/include" to "/data/fwbuild-volumes/2.12.1/apps/app1/esp32/build_contexts/build_ctx_121361911/include"
mount from "/data/fwbuild-volumes/2.12.1/apps/app1/esp32/build_contexts/build_ctx_121361911/deps/mjs/fs" to "/data/fwbuild-volumes/2.12.1/apps/app1/esp32/build_contexts/build_ctx_121361911/deps/mjs/fs"
mount from "/data/fwbuild-volumes/2.12.1/apps/app1/esp32/build_contexts/build_ctx_121361911/deps/modules/mjs/mjs/lib" to "/data/fwbuild-volumes/2.12.1/apps/app1/esp32/build_contexts/build_ctx_121361911/deps/modules/mjs/mjs/lib"
mount from "/data/fwbuild-volumes/2.12.1/apps/app1/esp32/build_contexts/build_ctx_121361911/deps/i2c/mjs_fs" to "/data/fwbuild-volumes/2.12.1/apps/app1/esp32/build_contexts/build_ctx_121361911/deps/i2c/mjs_fs"
mount from "/data/fwbuild-volumes/2.12.1/apps/app1/esp32/build_contexts/build_ctx_121361911/deps/rpc-common/mjs_fs" to "/data/fwbuild-volumes/2.12.1/apps/app1/esp32/build_contexts/build_ctx_121361911/deps/rpc-common/mjs_fs"
mount from "/data/fwbuild-volumes/2.12.1/apps/app1/esp32/build_contexts/build_ctx_121361911/deps/wifi/mjs_fs" to "/data/fwbuild-volumes/2.12.1/apps/app1/esp32/build_contexts/build_ctx_121361911/deps/wifi/mjs_fs"
mount from "/data/fwbuild-volumes/2.12.1/apps/app1/esp32/build_contexts/build_ctx_121361911/deps/mjs/esp32/fs" to "/data/fwbuild-volumes/2.12.1/apps/app1/esp32/build_contexts/build_ctx_121361911/deps/mjs/esp32/fs"
mount from "/data/fwbuild-volumes/2.12.1/apps/app1/esp32/build_contexts/build_ctx_121361911/fs" to "/data/fwbuild-volumes/2.12.1/apps/app1/esp32/build_contexts/build_ctx_121361911/fs"
mount from "/data/fwbuild-volumes/2.12.1/apps/app1/esp32/build_contexts/build_ctx_121361911/build/objs" to "/data/fwbuild-volumes/2.12.1/apps/app1/esp32/build_contexts/build_ctx_121361911/build/objs"
mount from "/data/fwbuild-volumes/2.12.1/apps/app1/esp32/build_contexts/build_ctx_121361911/build/objs" to "/data/fwbuild-volumes/2.12.1/apps/app1/esp32/build_contexts/build_ctx_121361911/build/objs"
mount from "/data/fwbuild-volumes/2.12.1/apps/app1/esp32/build_contexts/build_ctx_121361911/build/gen" to "/data/fwbuild-volumes/2.12.1/apps/app1/esp32/build_contexts/build_ctx_121361911/build/gen"
Docker arguments: run --name mos_build_2019-04-16T12-27-01-00_6573616741268749206 --rm -i -v /data/fwbuild-volumes/2.12.1/apps/app1/esp32/build_contexts/build_ctx_121361911/deps/wifi/include:/data/fwbuild-volumes/2.12.1/apps/app1/esp32/build_contexts/build_ctx_121361911/deps/wifi/include -v /data/fwbuild-volumes/2.12.1/apps/app1/esp32/build_contexts/build_ctx_121361911/deps/modules/mjs/mjs/lib:/data/fwbuild-volumes/2.12.1/apps/app1/esp32/build_contexts/build_ctx_121361911/deps/modules/mjs/mjs/lib -v /data/fwbuild-volumes/2.12.1/apps/app1/esp32/build_contexts/build_ctx_121361911/build/objs:/data/fwbuild-volumes/2.12.1/apps/app1/esp32/build_contexts/build_ctx_121361911/build/objs -v /data/fwbuild-volumes/2.12.1/apps/app1/esp32/build_contexts/build_ctx_121361911/deps/atca/src:/data/fwbuild-volumes/2.12.1/apps/app1/esp32/build_contexts/build_ctx_121361911/deps/atca/src -v /data/fwbuild-volumes/2.12.1/apps/app1/esp32/build_contexts/build_ctx_121361911/deps/mbedtls/include:/data/fwbuild-volumes/2.12.1/apps/app1/esp32/build_contexts/build_ctx_121361911/deps/mbedtls/include -v /data/fwbuild-volumes/2.12.1/apps/app1/esp32/build_contexts/build_ctx_121361911/deps/vfs-fs-spiffs/include/spiffs:/data/fwbuild-volumes/2.12.1/apps/app1/esp32/build_contexts/build_ctx_121361911/deps/vfs-fs-spiffs/include/spiffs -v /data/fwbuild-volumes/2.12.1/apps/app1/esp32/build_contexts/build_ctx_121361911/deps/rpc-common/include:/data/fwbuild-volumes/2.12.1/apps/app1/esp32/build_contexts/build_ctx_121361911/deps/rpc-common/include -v /data/fwbuild-volumes/2.12.1/apps/app1/esp32/build_contexts/build_ctx_121361911/deps/atca/cryptoauthlib/lib/crypto:/data/fwbuild-volumes/2.12.1/apps/app1/esp32/build_contexts/build_ctx_121361911/deps/atca/cryptoauthlib/lib/crypto -v /data/fwbuild-volumes/2.12.1/apps/app1/esp32/build_contexts/build_ctx_121361911/deps/atca/include:/data/fwbuild-volumes/2.12.1/apps/app1/esp32/build_contexts/build_ctx_121361911/deps/atca/include -v /data/fwbuild-volumes/2.12.1/apps/app1/esp32/build_contexts/build_ctx_121361911/deps/vfs-fs-lfs/include:/data/fwbuild-volumes/2.12.1/apps/app1/esp32/build_contexts/build_ctx_121361911/deps/vfs-fs-lfs/include -v /data/fwbuild-volumes/2.12.1/apps/app1/esp32/build_contexts/build_ctx_121361911/deps/mjs/esp32/src:/data/fwbuild-volumes/2.12.1/apps/app1/esp32/build_contexts/build_ctx_121361911/deps/mjs/esp32/src -v /data/fwbuild-volumes/2.12.1/apps/app1/esp32/build_contexts/build_ctx_121361911/deps/i2c/mjs_fs:/data/fwbuild-volumes/2.12.1/apps/app1/esp32/build_contexts/build_ctx_121361911/deps/i2c/mjs_fs -v /data/fwbuild-volumes/2.12.1/apps/app1/esp32/build_contexts/build_ctx_121361911/deps/rpc-common/mjs_fs:/data/fwbuild-volumes/2.12.1/apps/app1/esp32/build_contexts/build_ctx_121361911/deps/rpc-common/mjs_fs -v /data/fwbuild-volumes/2.12.1/apps/app1/esp32/build_contexts/build_ctx_121361911/deps/mjs/esp32/fs:/data/fwbuild-volumes/2.12.1/apps/app1/esp32/build_contexts/build_ctx_121361911/deps/mjs/esp32/fs -v /data/fwbuild-volumes/2.12.1/apps/app1/esp32/build_contexts/build_ctx_121361911/deps/rpc-service-fs/include:/data/fwbuild-volumes/2.12.1/apps/app1/esp32/build_contexts/build_ctx_121361911/deps/rpc-service-fs/include -v /data/fwbuild-volumes/2.12.1/apps/app1/esp32/build_contexts/build_ctx_121361911/deps/modules/mongoose-os:/data/fwbuild-volumes/2.12.1/apps/app1/esp32/build_contexts/build_ctx_121361911/deps/modules/mongoose-os -v /data/fwbuild-volumes/2.12.1/apps/app1/esp32/build_contexts/build_ctx_121361911/deps/vfs-common/src/esp32:/data/fwbuild-volumes/2.12.1/apps/app1/esp32/build_contexts/build_ctx_121361911/deps/vfs-common/src/esp32 -v /data/fwbuild-volumes/2.12.1/apps/app1/esp32/build_contexts/build_ctx_121361911/deps/vfs-common/include:/data/fwbuild-volumes/2.12.1/apps/app1/esp32/build_contexts/build_ctx_121361911/deps/vfs-common/include -v /data/fwbuild-volumes/2.12.1/apps/app1/esp32/build_contexts/build_ctx_121361911/deps/vfs-fs-spiffs/include:/data/fwbuild-volumes/2.12.1/apps/app1/esp32/build_contexts/build_ctx_121361911/deps/vfs-fs-spiffs/include -v /data/fwbuild-volumes/2.12.1/apps/app1/esp32/build_contexts/build_ctx_121361911/deps/atca/cryptoauthlib/lib/host:/data/fwbuild-volumes/2.12.1/apps/app1/esp32/build_contexts/build_ctx_121361911/deps/atca/cryptoauthlib/lib/host -v /data/fwbuild-volumes/2.12.1/apps/app1/esp32/build_contexts/build_ctx_121361911/deps/vfs-fs-spiffs/src/spiffs:/data/fwbuild-volumes/2.12.1/apps/app1/esp32/build_contexts/build_ctx_121361911/deps/vfs-fs-spiffs/src/spiffs -v /data/fwbuild-volumes/2.12.1/apps/app1/esp32/build_contexts/build_ctx_121361911/deps/i2c/src/esp32:/data/fwbuild-volumes/2.12.1/apps/app1/esp32/build_contexts/build_ctx_121361911/deps/i2c/src/esp32 -v /data/fwbuild-volumes/2.12.1/apps/app1/esp32/build_contexts/build_ctx_121361911/deps/rpc-service-fs/src:/data/fwbuild-volumes/2.12.1/apps/app1/esp32/build_contexts/build_ctx_121361911/deps/rpc-service-fs/src -v /data/fwbuild-volumes/2.12.1/apps/app1/esp32/build_contexts/build_ctx_121361911/deps/i2c/include:/data/fwbuild-volumes/2.12.1/apps/app1/esp32/build_contexts/build_ctx_121361911/deps/i2c/include -v /data/fwbuild-volumes/2.12.1/apps/app1/esp32/build_contexts/build_ctx_121361911/deps/mongoose/include:/data/fwbuild-volumes/2.12.1/apps/app1/esp32/build_contexts/build_ctx_121361911/deps/mongoose/include -v /data/fwbuild-volumes/2.12.1/apps/app1/esp32/build_contexts/build_ctx_121361911/deps/i2c/src:/data/fwbuild-volumes/2.12.1/apps/app1/esp32/build_contexts/build_ctx_121361911/deps/i2c/src -v /data/fwbuild-volumes/2.12.1/apps/app1/esp32/build_contexts/build_ctx_121361911/deps/mjs/src:/data/fwbuild-volumes/2.12.1/apps/app1/esp32/build_contexts/build_ctx_121361911/deps/mjs/src -v /data/fwbuild-volumes/2.12.1/apps/app1/esp32/build_contexts/build_ctx_121361911/deps/modules/mjs:/data/fwbuild-volumes/2.12.1/apps/app1/esp32/build_contexts/build_ctx_121361911/deps/modules/mjs -v /data/fwbuild-volumes/2.12.1/apps/app1/esp32/build_contexts/build_ctx_121361911/deps/rpc-common/src:/data/fwbuild-volumes/2.12.1/apps/app1/esp32/build_contexts/build_ctx_121361911/deps/rpc-common/src -v /data/fwbuild-volumes/2.12.1/apps/app1/esp32/build_contexts/build_ctx_121361911/deps/vfs-fs-lfs/src:/data/fwbuild-volumes/2.12.1/apps/app1/esp32/build_contexts/build_ctx_121361911/deps/vfs-fs-lfs/src -v /data/fwbuild-volumes/2.12.1/apps/app1/esp32/build_contexts/build_ctx_121361911/deps/wifi/esp32/src:/data/fwbuild-volumes/2.12.1/apps/app1/esp32/build_contexts/build_ctx_121361911/deps/wifi/esp32/src -v /data/fwbuild-volumes/2.12.1/apps/app1/esp32/build_contexts/build_ctx_121361911/include:/data/fwbuild-volumes/2.12.1/apps/app1/esp32/build_contexts/build_ctx_121361911/include -v /data/fwbuild-volumes/2.12.1/apps/app1/esp32/build_contexts/build_ctx_121361911/build/gen:/data/fwbuild-volumes/2.12.1/apps/app1/esp32/build_contexts/build_ctx_121361911/build/gen -v /data/fwbuild-volumes/2.12.1/apps/app1/esp32/build_contexts/build_ctx_121361911/deps/core/src:/data/fwbuild-volumes/2.12.1/apps/app1/esp32/build_contexts/build_ctx_121361911/deps/core/src -v /data/fwbuild-volumes/2.12.1/apps/app1/esp32/build_contexts/build_ctx_121361911/deps/wifi/mjs_fs:/data/fwbuild-volumes/2.12.1/apps/app1/esp32/build_contexts/build_ctx_121361911/deps/wifi/mjs_fs -v /data/fwbuild-volumes/2.12.1/apps/app1/esp32/build_contexts/build_ctx_121361911/deps/atca/cryptoauthlib/lib/basic:/data/fwbuild-volumes/2.12.1/apps/app1/esp32/build_contexts/build_ctx_121361911/deps/atca/cryptoauthlib/lib/basic -v /data/fwbuild-volumes/2.12.1/apps/app1/esp32/build_contexts/build_ctx_121361911/deps/rpc-uart/src:/data/fwbuild-volumes/2.12.1/apps/app1/esp32/build_contexts/build_ctx_121361911/deps/rpc-uart/src -v /data/fwbuild-volumes/2.12.1/apps/app1/esp32/build_contexts/build_ctx_121361911/deps/http-server/include:/data/fwbuild-volumes/2.12.1/apps/app1/esp32/build_contexts/build_ctx_121361911/deps/http-server/include -v /data/fwbuild-volumes/2.12.1/apps/app1/esp32/build_contexts/build_ctx_121361911/deps/mjs/include:/data/fwbuild-volumes/2.12.1/apps/app1/esp32/build_contexts/build_ctx_121361911/deps/mjs/include -v /data/fwbuild-volumes/2.12.1/apps/app1/esp32/build_contexts/build_ctx_121361911:/app -v /data/fwbuild-volumes/2.12.1/apps/app1/esp32/build_contexts/build_ctx_121361911/deps/modules/mongoose-os:/mongoose-os -v /data/fwbuild-volumes/2.12.1/apps/app1/esp32/build_contexts/build_ctx_121361911/src:/data/fwbuild-volumes/2.12.1/apps/app1/esp32/build_contexts/build_ctx_121361911/src -v /data/fwbuild-volumes/2.12.1/apps/app1/esp32/build_contexts/build_ctx_121361911/deps/wifi/src:/data/fwbuild-volumes/2.12.1/apps/app1/esp32/build_contexts/build_ctx_121361911/deps/wifi/src -v /data/fwbuild-volumes/2.12.1/apps/app1/esp32/build_contexts/build_ctx_121361911/deps/vfs-common/src:/data/fwbuild-volumes/2.12.1/apps/app1/esp32/build_contexts/build_ctx_121361911/deps/vfs-common/src -v /data/fwbuild-volumes/2.12.1/apps/app1/esp32/build_contexts/build_ctx_121361911/deps/mbedtls/mbedtls/include:/data/fwbuild-volumes/2.12.1/apps/app1/esp32/build_contexts/build_ctx_121361911/deps/mbedtls/mbedtls/include -v /data/fwbuild-volumes/2.12.1/apps/app1/esp32/build_contexts/build_ctx_121361911/deps/wifi/esp32/include:/data/fwbuild-volumes/2.12.1/apps/app1/esp32/build_contexts/build_ctx_121361911/deps/wifi/esp32/include -v /data/fwbuild-volumes/2.12.1/apps/app1/esp32/build_contexts/build_ctx_121361911/deps/vfs-fs-spiffs/include/esp32:/data/fwbuild-volumes/2.12.1/apps/app1/esp32/build_contexts/build_ctx_121361911/deps/vfs-fs-spiffs/include/esp32 -v /data/fwbuild-volumes/2.12.1/apps/app1/esp32/build_contexts/build_ctx_121361911/build:/data/fwbuild-volumes/2.12.1/apps/app1/esp32/build_contexts/build_ctx_121361911/build -v /data/fwbuild-volumes/2.12.1/apps/app1/esp32/build_contexts/build_ctx_121361911/deps/atca/cryptoauthlib/lib:/data/fwbuild-volumes/2.12.1/apps/app1/esp32/build_contexts/build_ctx_121361911/deps/atca/cryptoauthlib/lib -v /data/fwbuild-volumes/2.12.1/apps/app1/esp32/build_contexts/build_ctx_121361911/deps/vfs-fs-spiffs/src:/data/fwbuild-volumes/2.12.1/apps/app1/esp32/build_contexts/build_ctx_121361911/deps/vfs-fs-spiffs/src -v /data/fwbuild-volumes/2.12.1/apps/app1/esp32/build_contexts/build_ctx_121361911/deps/vfs-common/include/esp32:/data/fwbuild-volumes/2.12.1/apps/app1/esp32/build_contexts/build_ctx_121361911/deps/vfs-common/include/esp32 -v /data/fwbuild-volumes/2.12.1/apps/app1/esp32/build_contexts/build_ctx_121361911/deps/rpc-uart/include:/data/fwbuild-volumes/2.12.1/apps/app1/esp32/build_contexts/build_ctx_121361911/deps/rpc-uart/include -v /data/fwbuild-volumes/2.12.1/apps/app1/esp32/build_contexts/build_ctx_121361911/deps/atca/cryptoauthlib/lib/hal:/data/fwbuild-volumes/2.12.1/apps/app1/esp32/build_contexts/build_ctx_121361911/deps/atca/cryptoauthlib/lib/hal -v /data/fwbuild-volumes/2.12.1/apps/app1/esp32/build_contexts/build_ctx_121361911/deps/http-server/src:/data/fwbuild-volumes/2.12.1/apps/app1/esp32/build_contexts/build_ctx_121361911/deps/http-server/src -v /data/fwbuild-volumes/2.12.1/apps/app1/esp32/build_contexts/build_ctx_121361911/deps/mbedtls/include/esp32:/data/fwbuild-volumes/2.12.1/apps/app1/esp32/build_contexts/build_ctx_121361911/deps/mbedtls/include/esp32 -v /data/fwbuild-volumes/2.12.1/apps/app1/esp32/build_contexts/build_ctx_121361911/deps/core/include:/data/fwbuild-volumes/2.12.1/apps/app1/esp32/build_contexts/build_ctx_121361911/deps/core/include -v /data/fwbuild-volumes/2.12.1/apps/app1/esp32/build_contexts/build_ctx_121361911/deps/vfs-fs-lfs/src/littlefs:/data/fwbuild-volumes/2.12.1/apps/app1/esp32/build_contexts/build_ctx_121361911/deps/vfs-fs-lfs/src/littlefs -v /data/fwbuild-volumes/2.12.1/apps/app1/esp32/build_contexts/build_ctx_121361911/deps/mjs/fs:/data/fwbuild-volumes/2.12.1/apps/app1/esp32/build_contexts/build_ctx_121361911/deps/mjs/fs -v /data/fwbuild-volumes/2.12.1/apps/app1/esp32/build_contexts/build_ctx_121361911/fs:/data/fwbuild-volumes/2.12.1/apps/app1/esp32/build_contexts/build_ctx_121361911/fs --user 0:0 docker.io/mgos/esp32-build:3.2-r2 /bin/bash -c nice make '-j' '8' '-C' '/app' '-f' '/mongoose-os/fw/platforms/esp32/Makefile.build' 'all' 'MGOS_VARS_FILE=/data/fwbuild-volumes/2.12.1/apps/app1/esp32/build_contexts/build_ctx_121361911/build/gen/vars.mk'
make: Entering directory '/app'
Toolchain path: /opt/Espressif/xtensa-esp32-elf/bin/xtensa-esp32-elf-gcc
Toolchain version: crosstool-ng-1.22.0-80-g6c4433a
Compiler version: 5.2.0
/mongoose-os/fw/platforms/esp32/Makefile.build:185: warning: overriding recipe for target 'defconfig'
/opt/Espressif/esp-idf/make/project_config.mk:76: warning: ignoring old recipe for target 'defconfig'
/mongoose-os/fw/platforms/esp32/Makefile.build:185: warning: overriding recipe for target 'menuconfig'
/opt/Espressif/esp-idf/make/project_config.mk:63: warning: ignoring old recipe for target 'menuconfig'
/mongoose-os/fw/platforms/esp32/Makefile.build:220: warning: overriding recipe for target 'clean'
/opt/Espressif/esp-idf/components/app_update/Makefile.projbuild:60: warning: ignoring old recipe for target 'clean'
make[1]: Entering directory '/opt/Espressif/esp-idf/components/bootloader/subproject'
Python requirements from /opt/Espressif/esp-idf/requirements.txt are satisfied.
make[1]: Leaving directory '/opt/Espressif/esp-idf/components/bootloader/subproject'
  GEN    /data/fwbuild-volumes/2.12.1/apps/app1/esp32/build_contexts/build_ctx_121361911/build/objs/fw_temp/manifest.json
  ZIP    /data/fwbuild-volumes/2.12.1/apps/app1/esp32/build_contexts/build_ctx_121361911/build/fw/app1-esp32-last.zip
     Adding /data/fwbuild-volumes/2.12.1/apps/app1/esp32/build_contexts/build_ctx_121361911/build/objs/fw_temp/app1.bin
     Adding /data/fwbuild-volumes/2.12.1/apps/app1/esp32/build_contexts/build_ctx_121361911/build/objs/fw_temp/bootloader.bin
     Adding /data/fwbuild-volumes/2.12.1/apps/app1/esp32/build_contexts/build_ctx_121361911/build/objs/fw_temp/fs.img
     Adding /data/fwbuild-volumes/2.12.1/apps/app1/esp32/build_contexts/build_ctx_121361911/build/objs/fw_temp/otadata.bin
     Adding /data/fwbuild-volumes/2.12.1/apps/app1/esp32/build_contexts/build_ctx_121361911/build/objs/fw_temp/partitions_mgos.bin
  Built app1/esp32 version 1.0 (20190416-110313)
To flash all build output, run 'make flash' or:
python /opt/Espressif/esp-idf/components/esptool_py/esptool/esptool.py --chip esp32 --port /dev/ttyUSB0 --baud 1500000 --before default_reset --after hard_reset write_flash -z --flash_mode qio --flash_freq 40m --flash_size detect 0xd000 /data/fwbuild-volumes/2.12.1/apps/app1/esp32/build_contexts/build_ctx_121361911/build/objs/ota_data_initial.bin 0x1000 /data/fwbuild-volumes/2.12.1/apps/app1/esp32/build_contexts/build_ctx_121361911/build/objs/bootloader/bootloader.bin 0x10000 /data/fwbuild-volumes/2.12.1/apps/app1/esp32/build_contexts/build_ctx_121361911/build/objs/app1.bin 0x8000 /data/fwbuild-volumes/2.12.1/apps/app1/esp32/build_contexts/build_ctx_121361911/build/objs/partitions_mgos.bin
make: Leaving directory '/app'
Success, built app1/esp32 version 1.0 (20190416-110313).
Firmware saved to /data/fwbuild-volumes/2.12.1/apps/app1/esp32/build_contexts/build_ctx_121361911/build/fw.zip
